<?xml version="1.0" encoding="UTF-8"?>
<!-- Generated by org.testng.reporters.JUnitReportReporter -->
<testsuite hostname="Swarnamugi" failures="0" tests="3" name="ClassFiles.Runner" time="13.239" errors="0" timestamp="2025-06-22T22:55:51 IST" skipped="0">
  <testcase classname="ClassFiles.Runner" name="runScenario" time="4.501"/>
  <testcase classname="ClassFiles.Runner" name="runScenario" time="4.678"/>
  <testcase classname="ClassFiles.Runner" name="runScenario" time="4.060"/>
</testsuite> <!-- ClassFiles.Runner -->
